<?xml version="1.0" encoding="UTF-8"?>
<testng-results ignored="0" total="3" passed="3" failed="0" skipped="0">
  <reporter-output>
  </reporter-output>
  <suite started-at="2023-01-02T20:41:48 IST" name="Default suite" finished-at="2023-01-02T20:42:34 IST" duration-ms="46985">
    <groups>
    </groups>
    <test started-at="2023-01-02T20:41:48 IST" name="Default test" finished-at="2023-01-02T20:42:34 IST" duration-ms="46985">
      <class name="com.demo.selenium.testng.SeleniumTestng.AppTest">
        <test-method is-config="true" signature="setUp()[pri:0, instance:com.demo.selenium.testng.SeleniumTestng.AppTest@6e0f5f7f]" started-at="2023-01-02T20:41:48 IST" name="setUp" finished-at="2023-01-02T20:41:48 IST" duration-ms="7" status="PASS">
          <reporter-output>
          </reporter-output>
        </test-method> <!-- setUp -->
        <test-method is-config="true" signature="launch()[pri:0, instance:com.demo.selenium.testng.SeleniumTestng.AppTest@6e0f5f7f]" started-at="2023-01-02T20:41:48 IST" name="launch" finished-at="2023-01-02T20:42:03 IST" duration-ms="15506" status="PASS">
          <reporter-output>
          </reporter-output>
        </test-method> <!-- launch -->
        <test-method signature="testCase1()[pri:0, instance:com.demo.selenium.testng.SeleniumTestng.AppTest@6e0f5f7f]" started-at="2023-01-02T20:42:03 IST" name="testCase1" finished-at="2023-01-02T20:42:03 IST" duration-ms="199" status="PASS">
          <reporter-output>
          </reporter-output>
        </test-method> <!-- testCase1 -->
        <test-method is-config="true" signature="launch()[pri:0, instance:com.demo.selenium.testng.SeleniumTestng.AppTest@6e0f5f7f]" started-at="2023-01-02T20:42:03 IST" name="launch" finished-at="2023-01-02T20:42:17 IST" duration-ms="13425" status="PASS">
          <reporter-output>
          </reporter-output>
        </test-method> <!-- launch -->
        <test-method signature="testCase2()[pri:0, instance:com.demo.selenium.testng.SeleniumTestng.AppTest@6e0f5f7f]" started-at="2023-01-02T20:42:17 IST" name="testCase2" finished-at="2023-01-02T20:42:17 IST" duration-ms="168" status="PASS">
          <reporter-output>
          </reporter-output>
        </test-method> <!-- testCase2 -->
        <test-method is-config="true" signature="launch()[pri:0, instance:com.demo.selenium.testng.SeleniumTestng.AppTest@6e0f5f7f]" started-at="2023-01-02T20:42:17 IST" name="launch" finished-at="2023-01-02T20:42:30 IST" duration-ms="13037" status="PASS">
          <reporter-output>
          </reporter-output>
        </test-method> <!-- launch -->
        <test-method signature="testCase3()[pri:0, instance:com.demo.selenium.testng.SeleniumTestng.AppTest@6e0f5f7f]" started-at="2023-01-02T20:42:30 IST" name="testCase3" finished-at="2023-01-02T20:42:34 IST" duration-ms="4385" status="PASS">
          <reporter-output>
          </reporter-output>
        </test-method> <!-- testCase3 -->
        <test-method is-config="true" signature="close()[pri:0, instance:com.demo.selenium.testng.SeleniumTestng.AppTest@6e0f5f7f]" started-at="2023-01-02T20:42:34 IST" name="close" finished-at="2023-01-02T20:42:34 IST" duration-ms="215" status="PASS">
          <reporter-output>
          </reporter-output>
        </test-method> <!-- close -->
      </class> <!-- com.demo.selenium.testng.SeleniumTestng.AppTest -->
    </test> <!-- Default test -->
  </suite> <!-- Default suite -->
</testng-results>
