<?xml version="1.0" encoding="UTF-8"?>
<!-- Generated by org.testng.reporters.JUnitXMLReporter -->
<testsuite ignored="0" hostname="DESKTOP-UKPSA2L" failures="0" tests="3" name="Default test" time="46.985" errors="0" timestamp="2023-01-02T20:42:35 IST">
  <testcase classname="com.demo.selenium.testng.SeleniumTestng.AppTest" name="testCase1" time="0.199"/>
  <testcase classname="com.demo.selenium.testng.SeleniumTestng.AppTest" name="testCase2" time="0.168"/>
  <testcase classname="com.demo.selenium.testng.SeleniumTestng.AppTest" name="testCase3" time="4.385"/>
</testsuite> <!-- Default test -->
